# JRE version: 7.0_11-b21
# Java VM: Java HotSpot(TM) Client VM (23.6-b04 mixed mode, sharing windows-x86 )
Heap
 def new generation   total 9280K, used 4746K [0x239f0000, 0x24400000, 0x28f40000)
  eden space 8256K,  57% used [0x239f0000, 0x23e92940, 0x24200000)
  from space 1024K,   0% used [0x24200000, 0x24200000, 0x24300000)
  to   space 1024K,   0% used [0x24300000, 0x24300000, 0x24400000)
 tenured generation   total 20564K, used 15129K [0x28f40000, 0x2a355000, 0x339f0000)
   the space 20564K,  73% used [0x28f40000, 0x29e06430, 0x29e06600, 0x2a355000)
 compacting perm gen  total 12288K, used 5949K [0x339f0000, 0x345f0000, 0x379f0000)
   the space 12288K,  48% used [0x339f0000, 0x33fbf520, 0x33fbf600, 0x345f0000)
    ro space 10240K,  42% used [0x379f0000, 0x37e30ce0, 0x37e30e00, 0x383f0000)
    rw space 12288K,  54% used [0x383f0000, 0x38a70e30, 0x38a71000, 0x38ff0000)
GC Heap History (10 events):
Event: 1.299 GC heap before
{Heap before GC invocations=4 (full 0):
 def new generation   total 4928K, used 4928K [0x239f0000, 0x23f40000, 0x28f40000)
  eden space 4416K, 100% used [0x239f0000, 0x23e40000, 0x23e40000)
  from space 512K, 100% used [0x23e40000, 0x23ec0000, 0x23ec0000)
  to   space 512K,   0% used [0x23ec0000, 0x23ec0000, 0x23f40000)
 tenured generation   total 10944K, used 3866K [0x28f40000, 0x299f0000, 0x339f0000)
   the space 10944K,  35% used [0x28f40000, 0x29306870, 0x29306a00, 0x299f0000)
 compacting perm gen  total 12288K, used 4094K [0x339f0000, 0x345f0000, 0x379f0000)
   the space 12288K,  33% used [0x339f0000, 0x33defb48, 0x33defc00, 0x345f0000)
    ro space 10240K,  42% used [0x379f0000, 0x37e30ce0, 0x37e30e00, 0x383f0000)
    rw space 12288K,  54% used [0x383f0000, 0x38a70e30, 0x38a71000, 0x38ff0000)
Event: 1.304 GC heap after
Heap after GC invocations=5 (full 0):
 def new generation   total 4928K, used 512K [0x239f0000, 0x23f40000, 0x28f40000)
  eden space 4416K,   0% used [0x239f0000, 0x239f0000, 0x23e40000)
  from space 512K, 100% used [0x23ec0000, 0x23f40000, 0x23f40000)
  to   space 512K,   0% used [0x23e40000, 0x23e40000, 0x23ec0000)
 tenured generation   total 10944K, used 4708K [0x28f40000, 0x299f0000, 0x339f0000)
   the space 10944K,  43% used [0x28f40000, 0x293d91d0, 0x293d9200, 0x299f0000)
 compacting perm gen  total 12288K, used 4094K [0x339f0000, 0x345f0000, 0x379f0000)
   the space 12288K,  33% used [0x339f0000, 0x33defb48, 0x33defc00, 0x345f0000)
    ro space 10240K,  42% used [0x379f0000, 0x37e30ce0, 0x37e30e00, 0x383f0000)
    rw space 12288K,  54% used [0x383f0000, 0x38a70e30, 0x38a71000, 0x38ff0000)
}
Event: 2.104 GC heap before
{Heap before GC invocations=5 (full 0):
 def new generation   total 4928K, used 4928K [0x239f0000, 0x23f40000, 0x28f40000)
  eden space 4416K, 100% used [0x239f0000, 0x23e40000, 0x23e40000)
  from space 512K, 100% used [0x23ec0000, 0x23f40000, 0x23f40000)
  to   space 512K,   0% used [0x23e40000, 0x23e40000, 0x23ec0000)
 tenured generation   total 10944K, used 4708K [0x28f40000, 0x299f0000, 0x339f0000)
   the space 10944K,  43% used [0x28f40000, 0x293d91d0, 0x293d9200, 0x299f0000)
 compacting perm gen  total 12288K, used 5281K [0x339f0000, 0x345f0000, 0x379f0000)
   the space 12288K,  42% used [0x339f0000, 0x33f18648, 0x33f18800, 0x345f0000)
    ro space 10240K,  42% used [0x379f0000, 0x37e30ce0, 0x37e30e00, 0x383f0000)
    rw space 12288K,  54% used [0x383f0000, 0x38a70e30, 0x38a71000, 0x38ff0000)
Event: 2.109 GC heap after
Heap after GC invocations=6 (full 0):
 def new generation   total 4928K, used 512K [0x239f0000, 0x23f40000, 0x28f40000)
  eden space 4416K,   0% used [0x239f0000, 0x239f0000, 0x23e40000)
  from space 512K, 100% used [0x23e40000, 0x23ec0000, 0x23ec0000)
  to   space 512K,   0% used [0x23ec0000, 0x23ec0000, 0x23f40000)
 tenured generation   total 10944K, used 5211K [0x28f40000, 0x299f0000, 0x339f0000)
   the space 10944K,  47% used [0x28f40000, 0x29456c28, 0x29456e00, 0x299f0000)
 compacting perm gen  total 12288K, used 5281K [0x339f0000, 0x345f0000, 0x379f0000)
   the space 12288K,  42% used [0x339f0000, 0x33f18648, 0x33f18800, 0x345f0000)
    ro space 10240K,  42% used [0x379f0000, 0x37e30ce0, 0x37e30e00, 0x383f0000)
    rw space 12288K,  54% used [0x383f0000, 0x38a70e30, 0x38a71000, 0x38ff0000)
}
Event: 10.144 GC heap before
{Heap before GC invocations=6 (full 0):
 def new generation   total 4928K, used 4478K [0x239f0000, 0x23f40000, 0x28f40000)
  eden space 4416K,  89% used [0x239f0000, 0x23dcfaf0, 0x23e40000)
  from space 512K, 100% used [0x23e40000, 0x23ec0000, 0x23ec0000)
  to   space 512K,   0% used [0x23ec0000, 0x23ec0000, 0x23f40000)
 tenured generation   total 10944K, used 5211K [0x28f40000, 0x299f0000, 0x339f0000)
   the space 10944K,  47% used [0x28f40000, 0x29456c28, 0x29456e00, 0x299f0000)
 compacting perm gen  total 12288K, used 5801K [0x339f0000, 0x345f0000, 0x379f0000)
   the space 12288K,  47% used [0x339f0000, 0x33f9a6e8, 0x33f9a800, 0x345f0000)
    ro space 10240K,  42% used [0x379f0000, 0x37e30ce0, 0x37e30e00, 0x383f0000)
    rw space 12288K,  54% used [0x383f0000, 0x38a70e30, 0x38a71000, 0x38ff0000)
Event: 10.187 GC heap after
Heap after GC invocations=7 (full 1):
 def new generation   total 4992K, used 0K [0x239f0000, 0x23f50000, 0x28f40000)
  eden space 4480K,   0% used [0x239f0000, 0x239f0000, 0x23e50000)
  from space 512K,   0% used [0x23e50000, 0x23e50000, 0x23ed0000)
  to   space 512K,   0% used [0x23ed0000, 0x23ed0000, 0x23f50000)
 tenured generation   total 10944K, used 5941K [0x28f40000, 0x299f0000, 0x339f0000)
   the space 10944K,  54% used [0x28f40000, 0x2950d468, 0x2950d600, 0x299f0000)
 compacting perm gen  total 12288K, used 5801K [0x339f0000, 0x345f0000, 0x379f0000)
   the space 12288K,  47% used [0x339f0000, 0x33f9a6e8, 0x33f9a800, 0x345f0000)
    ro space 10240K,  42% used [0x379f0000, 0x37e30ce0, 0x37e30e00, 0x383f0000)
    rw space 12288K,  54% used [0x383f0000, 0x38a70e30, 0x38a71000, 0x38ff0000)
}
Event: 17.535 GC heap before
{Heap before GC invocations=7 (full 1):
 def new generation   total 4992K, used 1700K [0x239f0000, 0x23f50000, 0x28f40000)
  eden space 4480K,  37% used [0x239f0000, 0x23b99210, 0x23e50000)
  from space 512K,   0% used [0x23e50000, 0x23e50000, 0x23ed0000)
  to   space 512K,   0% used [0x23ed0000, 0x23ed0000, 0x23f50000)
 tenured generation   total 20948K, used 15941K [0x28f40000, 0x2a3b5000, 0x339f0000)
   the space 20948K,  76% used [0x28f40000, 0x29ed1478, 0x29ed1600, 0x2a3b5000)
 compacting perm gen  total 12288K, used 5859K [0x339f0000, 0x345f0000, 0x379f0000)
   the space 12288K,  47% used [0x339f0000, 0x33fa8f90, 0x33fa9000, 0x345f0000)
    ro space 10240K,  42% used [0x379f0000, 0x37e30ce0, 0x37e30e00, 0x383f0000)
    rw space 12288K,  54% used [0x383f0000, 0x38a70e30, 0x38a71000, 0x38ff0000)
Event: 17.573 GC heap after
Heap after GC invocations=8 (full 2):
 def new generation   total 9472K, used 0K [0x239f0000, 0x24430000, 0x28f40000)
  eden space 8448K,   0% used [0x239f0000, 0x239f0000, 0x24230000)
  from space 1024K,   0% used [0x24230000, 0x24230000, 0x24330000)
  to   space 1024K,   0% used [0x24330000, 0x24330000, 0x24430000)
 tenured generation   total 20948K, used 5126K [0x28f40000, 0x2a3b5000, 0x339f0000)
   the space 20948K,  24% used [0x28f40000, 0x29441be8, 0x29441c00, 0x2a3b5000)
 compacting perm gen  total 12288K, used 5859K [0x339f0000, 0x345f0000, 0x379f0000)
   the space 12288K,  47% used [0x339f0000, 0x33fa8f90, 0x33fa9000, 0x345f0000)
    ro space 10240K,  42% used [0x379f0000, 0x37e30ce0, 0x37e30e00, 0x383f0000)
    rw space 12288K,  54% used [0x383f0000, 0x38a70e30, 0x38a71000, 0x38ff0000)
}
Event: 23.211 GC heap before
{Heap before GC invocations=8 (full 2):
 def new generation   total 9472K, used 1660K [0x239f0000, 0x24430000, 0x28f40000)
  eden space 8448K,  19% used [0x239f0000, 0x23b8f250, 0x24230000)
  from space 1024K,   0% used [0x24230000, 0x24230000, 0x24330000)
  to   space 1024K,   0% used [0x24330000, 0x24330000, 0x24430000)
 tenured generation   total 20948K, used 15126K [0x28f40000, 0x2a3b5000, 0x339f0000)
   the space 20948K,  72% used [0x28f40000, 0x29e05bf8, 0x29e05c00, 0x2a3b5000)
 compacting perm gen  total 12288K, used 5860K [0x339f0000, 0x345f0000, 0x379f0000)
   the space 12288K,  47% used [0x339f0000, 0x33fa9010, 0x33fa9200, 0x345f0000)
    ro space 10240K,  42% used [0x379f0000, 0x37e30ce0, 0x37e30e00, 0x383f0000)
    rw space 12288K,  54% used [0x383f0000, 0x38a70e30, 0x38a71000, 0x38ff0000)
Event: 23.245 GC heap after
Heap after GC invocations=9 (full 3):
 def new generation   total 9280K, used 0K [0x239f0000, 0x24400000, 0x28f40000)
  eden space 8256K,   0% used [0x239f0000, 0x239f0000, 0x24200000)
  from space 1024K,   0% used [0x24200000, 0x24200000, 0x24300000)
  to   space 1024K,   0% used [0x24300000, 0x24300000, 0x24400000)
 tenured generation   total 20564K, used 5129K [0x28f40000, 0x2a355000, 0x339f0000)
   the space 20564K,  24% used [0x28f40000, 0x29442420, 0x29442600, 0x2a355000)
 compacting perm gen  total 12288K, used 5860K [0x339f0000, 0x345f0000, 0x379f0000)
   the space 12288K,  47% used [0x339f0000, 0x33fa9010, 0x33fa9200, 0x345f0000)
    ro space 10240K,  42% used [0x379f0000, 0x37e30ce0, 0x37e30e00, 0x383f0000)
    rw space 12288K,  54% used [0x383f0000, 0x38a70e30, 0x38a71000, 0x38ff0000)
}

