# JRE version: 7.0_11-b21
# Java VM: Java HotSpot(TM) Client VM (23.6-b04 mixed mode, sharing windows-x86 )
Heap
 def new generation   total 9472K, used 555K [0x239f0000, 0x24430000, 0x28f40000)
  eden space 8448K,   3% used [0x239f0000, 0x23a37e48, 0x24230000)
  from space 1024K,  26% used [0x24330000, 0x24372f20, 0x24430000)
  to   space 1024K,   0% used [0x24230000, 0x24230000, 0x24330000)
 tenured generation   total 20948K, used 15081K [0x28f40000, 0x2a3b5000, 0x339f0000)
   the space 20948K,  71% used [0x28f40000, 0x29dfa770, 0x29dfa800, 0x2a3b5000)
 compacting perm gen  total 12288K, used 5880K [0x339f0000, 0x345f0000, 0x379f0000)
   the space 12288K,  47% used [0x339f0000, 0x33fae1c0, 0x33fae200, 0x345f0000)
    ro space 10240K,  42% used [0x379f0000, 0x37e30ce0, 0x37e30e00, 0x383f0000)
    rw space 12288K,  54% used [0x383f0000, 0x38a70e30, 0x38a71000, 0x38ff0000)
GC Heap History (10 events):
Event: 3.263 GC heap before
{Heap before GC invocations=5 (full 0):
 def new generation   total 4928K, used 4928K [0x239f0000, 0x23f40000, 0x28f40000)
  eden space 4416K, 100% used [0x239f0000, 0x23e40000, 0x23e40000)
  from space 512K, 100% used [0x23ec0000, 0x23f40000, 0x23f40000)
  to   space 512K,   0% used [0x23e40000, 0x23e40000, 0x23ec0000)
 tenured generation   total 10944K, used 4710K [0x28f40000, 0x299f0000, 0x339f0000)
   the space 10944K,  43% used [0x28f40000, 0x293d9b10, 0x293d9c00, 0x299f0000)
 compacting perm gen  total 12288K, used 5284K [0x339f0000, 0x345f0000, 0x379f0000)
   the space 12288K,  43% used [0x339f0000, 0x33f19398, 0x33f19400, 0x345f0000)
    ro space 10240K,  42% used [0x379f0000, 0x37e30ce0, 0x37e30e00, 0x383f0000)
    rw space 12288K,  54% used [0x383f0000, 0x38a70e30, 0x38a71000, 0x38ff0000)
Event: 3.268 GC heap after
Heap after GC invocations=6 (full 0):
 def new generation   total 4928K, used 512K [0x239f0000, 0x23f40000, 0x28f40000)
  eden space 4416K,   0% used [0x239f0000, 0x239f0000, 0x23e40000)
  from space 512K, 100% used [0x23e40000, 0x23ec0000, 0x23ec0000)
  to   space 512K,   0% used [0x23ec0000, 0x23ec0000, 0x23f40000)
 tenured generation   total 10944K, used 5215K [0x28f40000, 0x299f0000, 0x339f0000)
   the space 10944K,  47% used [0x28f40000, 0x29457f40, 0x29458000, 0x299f0000)
 compacting perm gen  total 12288K, used 5284K [0x339f0000, 0x345f0000, 0x379f0000)
   the space 12288K,  43% used [0x339f0000, 0x33f19398, 0x33f19400, 0x345f0000)
    ro space 10240K,  42% used [0x379f0000, 0x37e30ce0, 0x37e30e00, 0x383f0000)
    rw space 12288K,  54% used [0x383f0000, 0x38a70e30, 0x38a71000, 0x38ff0000)
}
Event: 20.948 GC heap before
{Heap before GC invocations=6 (full 0):
 def new generation   total 4928K, used 4928K [0x239f0000, 0x23f40000, 0x28f40000)
  eden space 4416K, 100% used [0x239f0000, 0x23e40000, 0x23e40000)
  from space 512K, 100% used [0x23e40000, 0x23ec0000, 0x23ec0000)
  to   space 512K,   0% used [0x23ec0000, 0x23ec0000, 0x23f40000)
 tenured generation   total 10944K, used 5215K [0x28f40000, 0x299f0000, 0x339f0000)
   the space 10944K,  47% used [0x28f40000, 0x29457f40, 0x29458000, 0x299f0000)
 compacting perm gen  total 12288K, used 5684K [0x339f0000, 0x345f0000, 0x379f0000)
   the space 12288K,  46% used [0x339f0000, 0x33f7d328, 0x33f7d400, 0x345f0000)
    ro space 10240K,  42% used [0x379f0000, 0x37e30ce0, 0x37e30e00, 0x383f0000)
    rw space 12288K,  54% used [0x383f0000, 0x38a70e30, 0x38a71000, 0x38ff0000)
Event: 20.953 GC heap after
Heap after GC invocations=7 (full 0):
 def new generation   total 4928K, used 227K [0x239f0000, 0x23f40000, 0x28f40000)
  eden space 4416K,   0% used [0x239f0000, 0x239f0000, 0x23e40000)
  from space 512K,  44% used [0x23ec0000, 0x23ef8ea0, 0x23f40000)
  to   space 512K,   0% used [0x23e40000, 0x23e40000, 0x23ec0000)
 tenured generation   total 10944K, used 6918K [0x28f40000, 0x299f0000, 0x339f0000)
   the space 10944K,  63% used [0x28f40000, 0x296018b8, 0x29601a00, 0x299f0000)
 compacting perm gen  total 12288K, used 5684K [0x339f0000, 0x345f0000, 0x379f0000)
   the space 12288K,  46% used [0x339f0000, 0x33f7d328, 0x33f7d400, 0x345f0000)
    ro space 10240K,  42% used [0x379f0000, 0x37e30ce0, 0x37e30e00, 0x383f0000)
    rw space 12288K,  54% used [0x383f0000, 0x38a70e30, 0x38a71000, 0x38ff0000)
}
Event: 21.023 GC heap before
{Heap before GC invocations=7 (full 0):
 def new generation   total 4928K, used 1232K [0x239f0000, 0x23f40000, 0x28f40000)
  eden space 4416K,  22% used [0x239f0000, 0x23aeb378, 0x23e40000)
  from space 512K,  44% used [0x23ec0000, 0x23ef8ea0, 0x23f40000)
  to   space 512K,   0% used [0x23e40000, 0x23e40000, 0x23ec0000)
 tenured generation   total 10944K, used 6918K [0x28f40000, 0x299f0000, 0x339f0000)
   the space 10944K,  63% used [0x28f40000, 0x296018b8, 0x29601a00, 0x299f0000)
 compacting perm gen  total 12288K, used 5796K [0x339f0000, 0x345f0000, 0x379f0000)
   the space 12288K,  47% used [0x339f0000, 0x33f99190, 0x33f99200, 0x345f0000)
    ro space 10240K,  42% used [0x379f0000, 0x37e30ce0, 0x37e30e00, 0x383f0000)
    rw space 12288K,  54% used [0x383f0000, 0x38a70e30, 0x38a71000, 0x38ff0000)
Event: 21.060 GC heap after
Heap after GC invocations=8 (full 1):
 def new generation   total 4992K, used 0K [0x239f0000, 0x23f50000, 0x28f40000)
  eden space 4480K,   0% used [0x239f0000, 0x239f0000, 0x23e50000)
  from space 512K,   0% used [0x23e50000, 0x23e50000, 0x23ed0000)
  to   space 512K,   0% used [0x23ed0000, 0x23ed0000, 0x23f50000)
 tenured generation   total 10944K, used 5134K [0x28f40000, 0x299f0000, 0x339f0000)
   the space 10944K,  46% used [0x28f40000, 0x29443810, 0x29443a00, 0x299f0000)
 compacting perm gen  total 12288K, used 5796K [0x339f0000, 0x345f0000, 0x379f0000)
   the space 12288K,  47% used [0x339f0000, 0x33f99190, 0x33f99200, 0x345f0000)
    ro space 10240K,  42% used [0x379f0000, 0x37e30ce0, 0x37e30e00, 0x383f0000)
    rw space 12288K,  54% used [0x383f0000, 0x38a70e30, 0x38a71000, 0x38ff0000)
}
Event: 29.791 GC heap before
{Heap before GC invocations=8 (full 1):
 def new generation   total 4992K, used 1357K [0x239f0000, 0x23f50000, 0x28f40000)
  eden space 4480K,  30% used [0x239f0000, 0x23b43688, 0x23e50000)
  from space 512K,   0% used [0x23e50000, 0x23e50000, 0x23ed0000)
  to   space 512K,   0% used [0x23ed0000, 0x23ed0000, 0x23f50000)
 tenured generation   total 20948K, used 15134K [0x28f40000, 0x2a3b5000, 0x339f0000)
   the space 20948K,  72% used [0x28f40000, 0x29e07820, 0x29e07a00, 0x2a3b5000)
 compacting perm gen  total 12288K, used 5859K [0x339f0000, 0x345f0000, 0x379f0000)
   the space 12288K,  47% used [0x339f0000, 0x33fa8e80, 0x33fa9000, 0x345f0000)
    ro space 10240K,  42% used [0x379f0000, 0x37e30ce0, 0x37e30e00, 0x383f0000)
    rw space 12288K,  54% used [0x383f0000, 0x38a70e30, 0x38a71000, 0x38ff0000)
Event: 29.826 GC heap after
Heap after GC invocations=9 (full 2):
 def new generation   total 9472K, used 0K [0x239f0000, 0x24430000, 0x28f40000)
  eden space 8448K,   0% used [0x239f0000, 0x239f0000, 0x24230000)
  from space 1024K,   0% used [0x24230000, 0x24230000, 0x24330000)
  to   space 1024K,   0% used [0x24330000, 0x24330000, 0x24430000)
 tenured generation   total 20948K, used 5081K [0x28f40000, 0x2a3b5000, 0x339f0000)
   the space 20948K,  24% used [0x28f40000, 0x29436760, 0x29436800, 0x2a3b5000)
 compacting perm gen  total 12288K, used 5859K [0x339f0000, 0x345f0000, 0x379f0000)
   the space 12288K,  47% used [0x339f0000, 0x33fa8e80, 0x33fa9000, 0x345f0000)
    ro space 10240K,  42% used [0x379f0000, 0x37e30ce0, 0x37e30e00, 0x383f0000)
    rw space 12288K,  54% used [0x383f0000, 0x38a70e30, 0x38a71000, 0x38ff0000)
}
Event: 62.016 GC heap before
{Heap before GC invocations=9 (full 2):
 def new generation   total 9472K, used 8448K [0x239f0000, 0x24430000, 0x28f40000)
  eden space 8448K, 100% used [0x239f0000, 0x24230000, 0x24230000)
  from space 1024K,   0% used [0x24230000, 0x24230000, 0x24330000)
  to   space 1024K,   0% used [0x24330000, 0x24330000, 0x24430000)
 tenured generation   total 20948K, used 15081K [0x28f40000, 0x2a3b5000, 0x339f0000)
   the space 20948K,  71% used [0x28f40000, 0x29dfa770, 0x29dfa800, 0x2a3b5000)
 compacting perm gen  total 12288K, used 5880K [0x339f0000, 0x345f0000, 0x379f0000)
   the space 12288K,  47% used [0x339f0000, 0x33fae1c0, 0x33fae200, 0x345f0000)
    ro space 10240K,  42% used [0x379f0000, 0x37e30ce0, 0x37e30e00, 0x383f0000)
    rw space 12288K,  54% used [0x383f0000, 0x38a70e30, 0x38a71000, 0x38ff0000)
Event: 62.018 GC heap after
Heap after GC invocations=10 (full 2):
 def new generation   total 9472K, used 267K [0x239f0000, 0x24430000, 0x28f40000)
  eden space 8448K,   0% used [0x239f0000, 0x239f0000, 0x24230000)
  from space 1024K,  26% used [0x24330000, 0x24372f20, 0x24430000)
  to   space 1024K,   0% used [0x24230000, 0x24230000, 0x24330000)
 tenured generation   total 20948K, used 15081K [0x28f40000, 0x2a3b5000, 0x339f0000)
   the space 20948K,  71% used [0x28f40000, 0x29dfa770, 0x29dfa800, 0x2a3b5000)
 compacting perm gen  total 12288K, used 5880K [0x339f0000, 0x345f0000, 0x379f0000)
   the space 12288K,  47% used [0x339f0000, 0x33fae1c0, 0x33fae200, 0x345f0000)
    ro space 10240K,  42% used [0x379f0000, 0x37e30ce0, 0x37e30e00, 0x383f0000)
    rw space 12288K,  54% used [0x383f0000, 0x38a70e30, 0x38a71000, 0x38ff0000)
}

